{"E:\\CODING FUFA\\ReactJS\\04Parcel-React Akashay Saini\\src\\components\\Sum.js": {"path":"E:\\CODING FUFA\\ReactJS\\04Parcel-React Akashay Saini\\src\\components\\Sum.js","statementMap":{"0":{"start":{"line":3,"column":12},"end":{"line":5,"column":1}},"1":{"start":{"line":4,"column":2},"end":{"line":4,"column":13}}},"fnMap":{"0":{"name":"(anonymous_0)","decl":{"start":{"line":3,"column":12},"end":{"line":3,"column":13}},"loc":{"start":{"line":3,"column":21},"end":{"line":5,"column":1}},"line":3}},"branchMap":{},"s":{"0":1,"1":1},"f":{"0":1},"b":{},"_coverageSchema":"1a1c01bbd47fc00a2c39e90264f33305004495a9","hash":"96a06f8280ebf832fe1d314e366fe68229805005"}
}
